# JRE version: Java(TM) SE Runtime Environment (7.0_65-b19) (build 1.7.0_65-b19)
# Java VM: Java HotSpot(TM) 64-Bit Server VM (24.65-b04 mixed mode windows-amd64 compressed oops)
Heap
 par new generation   total 157248K, used 80410K [0x00000000dae00000, 0x00000000e58a0000, 0x00000000e58a0000)
  eden space 139776K,  49% used [0x00000000dae00000, 0x00000000df1b6248, 0x00000000e3680000)
  from space 17472K,  63% used [0x00000000e3680000, 0x00000000e4150630, 0x00000000e4790000)
  to   space 17472K,   0% used [0x00000000e4790000, 0x00000000e4790000, 0x00000000e58a0000)
 concurrent mark-sweep generation total 349568K, used 106777K [0x00000000e58a0000, 0x00000000fae00000, 0x00000000fae00000)
 concurrent-mark-sweep perm gen total 57548K, used 34851K [0x00000000fae00000, 0x00000000fe633000, 0x0000000100000000)
GC Heap History (10 events):
Event: 285.146 GC heap before
{Heap before GC invocations=64 (full 15):
 par new generation   total 157248K, used 141481K [0x00000000dae00000, 0x00000000e58a0000, 0x00000000e58a0000)
  eden space 139776K, 100% used [0x00000000dae00000, 0x00000000e3680000, 0x00000000e3680000)
  from space 17472K,   9% used [0x00000000e4790000, 0x00000000e493a488, 0x00000000e58a0000)
  to   space 17472K,   0% used [0x00000000e3680000, 0x00000000e3680000, 0x00000000e4790000)
 concurrent mark-sweep generation total 349568K, used 105891K [0x00000000e58a0000, 0x00000000fae00000, 0x00000000fae00000)
 concurrent-mark-sweep perm gen total 57548K, used 34641K [0x00000000fae00000, 0x00000000fe633000, 0x0000000100000000)
Event: 285.152 GC heap after
Heap after GC invocations=65 (full 15):
 par new generation   total 157248K, used 3595K [0x00000000dae00000, 0x00000000e58a0000, 0x00000000e58a0000)
  eden space 139776K,   0% used [0x00000000dae00000, 0x00000000dae00000, 0x00000000e3680000)
  from space 17472K,  20% used [0x00000000e3680000, 0x00000000e3a02d28, 0x00000000e4790000)
  to   space 17472K,   0% used [0x00000000e4790000, 0x00000000e4790000, 0x00000000e58a0000)
 concurrent mark-sweep generation total 349568K, used 105933K [0x00000000e58a0000, 0x00000000fae00000, 0x00000000fae00000)
 concurrent-mark-sweep perm gen total 57548K, used 34641K [0x00000000fae00000, 0x00000000fe633000, 0x0000000100000000)
}
Event: 289.172 GC heap before
{Heap before GC invocations=65 (full 15):
 par new generation   total 157248K, used 143371K [0x00000000dae00000, 0x00000000e58a0000, 0x00000000e58a0000)
  eden space 139776K, 100% used [0x00000000dae00000, 0x00000000e3680000, 0x00000000e3680000)
  from space 17472K,  20% used [0x00000000e3680000, 0x00000000e3a02d28, 0x00000000e4790000)
  to   space 17472K,   0% used [0x00000000e4790000, 0x00000000e4790000, 0x00000000e58a0000)
 concurrent mark-sweep generation total 349568K, used 105933K [0x00000000e58a0000, 0x00000000fae00000, 0x00000000fae00000)
 concurrent-mark-sweep perm gen total 57548K, used 34658K [0x00000000fae00000, 0x00000000fe633000, 0x0000000100000000)
Event: 289.178 GC heap after
Heap after GC invocations=66 (full 15):
 par new generation   total 157248K, used 6428K [0x00000000dae00000, 0x00000000e58a0000, 0x00000000e58a0000)
  eden space 139776K,   0% used [0x00000000dae00000, 0x00000000dae00000, 0x00000000e3680000)
  from space 17472K,  36% used [0x00000000e4790000, 0x00000000e4dd73c0, 0x00000000e58a0000)
  to   space 17472K,   0% used [0x00000000e3680000, 0x00000000e3680000, 0x00000000e4790000)
 concurrent mark-sweep generation total 349568K, used 106000K [0x00000000e58a0000, 0x00000000fae00000, 0x00000000fae00000)
 concurrent-mark-sweep perm gen total 57548K, used 34658K [0x00000000fae00000, 0x00000000fe633000, 0x0000000100000000)
}
Event: 291.658 GC heap before
{Heap before GC invocations=66 (full 15):
 par new generation   total 157248K, used 146204K [0x00000000dae00000, 0x00000000e58a0000, 0x00000000e58a0000)
  eden space 139776K, 100% used [0x00000000dae00000, 0x00000000e3680000, 0x00000000e3680000)
  from space 17472K,  36% used [0x00000000e4790000, 0x00000000e4dd73c0, 0x00000000e58a0000)
  to   space 17472K,   0% used [0x00000000e3680000, 0x00000000e3680000, 0x00000000e4790000)
 concurrent mark-sweep generation total 349568K, used 106000K [0x00000000e58a0000, 0x00000000fae00000, 0x00000000fae00000)
 concurrent-mark-sweep perm gen total 57548K, used 34696K [0x00000000fae00000, 0x00000000fe633000, 0x0000000100000000)
Event: 291.666 GC heap after
Heap after GC invocations=67 (full 15):
 par new generation   total 157248K, used 9485K [0x00000000dae00000, 0x00000000e58a0000, 0x00000000e58a0000)
  eden space 139776K,   0% used [0x00000000dae00000, 0x00000000dae00000, 0x00000000e3680000)
  from space 17472K,  54% used [0x00000000e3680000, 0x00000000e3fc36e0, 0x00000000e4790000)
  to   space 17472K,   0% used [0x00000000e4790000, 0x00000000e4790000, 0x00000000e58a0000)
 concurrent mark-sweep generation total 349568K, used 106236K [0x00000000e58a0000, 0x00000000fae00000, 0x00000000fae00000)
 concurrent-mark-sweep perm gen total 57548K, used 34696K [0x00000000fae00000, 0x00000000fe633000, 0x0000000100000000)
}
Event: 294.507 GC heap before
{Heap before GC invocations=67 (full 15):
 par new generation   total 157248K, used 149261K [0x00000000dae00000, 0x00000000e58a0000, 0x00000000e58a0000)
  eden space 139776K, 100% used [0x00000000dae00000, 0x00000000e3680000, 0x00000000e3680000)
  from space 17472K,  54% used [0x00000000e3680000, 0x00000000e3fc36e0, 0x00000000e4790000)
  to   space 17472K,   0% used [0x00000000e4790000, 0x00000000e4790000, 0x00000000e58a0000)
 concurrent mark-sweep generation total 349568K, used 106236K [0x00000000e58a0000, 0x00000000fae00000, 0x00000000fae00000)
 concurrent-mark-sweep perm gen total 57548K, used 34719K [0x00000000fae00000, 0x00000000fe633000, 0x0000000100000000)
Event: 294.515 GC heap after
Heap after GC invocations=68 (full 15):
 par new generation   total 157248K, used 10858K [0x00000000dae00000, 0x00000000e58a0000, 0x00000000e58a0000)
  eden space 139776K,   0% used [0x00000000dae00000, 0x00000000dae00000, 0x00000000e3680000)
  from space 17472K,  62% used [0x00000000e4790000, 0x00000000e522a818, 0x00000000e58a0000)
  to   space 17472K,   0% used [0x00000000e3680000, 0x00000000e3680000, 0x00000000e4790000)
 concurrent mark-sweep generation total 349568K, used 106421K [0x00000000e58a0000, 0x00000000fae00000, 0x00000000fae00000)
 concurrent-mark-sweep perm gen total 57548K, used 34719K [0x00000000fae00000, 0x00000000fe633000, 0x0000000100000000)
}
Event: 297.222 GC heap before
{Heap before GC invocations=68 (full 15):
 par new generation   total 157248K, used 150634K [0x00000000dae00000, 0x00000000e58a0000, 0x00000000e58a0000)
  eden space 139776K, 100% used [0x00000000dae00000, 0x00000000e3680000, 0x00000000e3680000)
  from space 17472K,  62% used [0x00000000e4790000, 0x00000000e522a818, 0x00000000e58a0000)
  to   space 17472K,   0% used [0x00000000e3680000, 0x00000000e3680000, 0x00000000e4790000)
 concurrent mark-sweep generation total 349568K, used 106421K [0x00000000e58a0000, 0x00000000fae00000, 0x00000000fae00000)
 concurrent-mark-sweep perm gen total 57548K, used 34733K [0x00000000fae00000, 0x00000000fe633000, 0x0000000100000000)
Event: 297.237 GC heap after
Heap after GC invocations=69 (full 15):
 par new generation   total 157248K, used 11073K [0x00000000dae00000, 0x00000000e58a0000, 0x00000000e58a0000)
  eden space 139776K,   0% used [0x00000000dae00000, 0x00000000dae00000, 0x00000000e3680000)
  from space 17472K,  63% used [0x00000000e3680000, 0x00000000e4150630, 0x00000000e4790000)
  to   space 17472K,   0% used [0x00000000e4790000, 0x00000000e4790000, 0x00000000e58a0000)
 concurrent mark-sweep generation total 349568K, used 106777K [0x00000000e58a0000, 0x00000000fae00000, 0x00000000fae00000)
 concurrent-mark-sweep perm gen total 57548K, used 34733K [0x00000000fae00000, 0x00000000fe633000, 0x0000000100000000)
}

